#! /usr/bin/vvp
:ivl_version "0.9.7 " "(v0_9_7)";
:vpi_time_precision + 0;
:vpi_module "system";
:vpi_module "v2005_math";
:vpi_module "va_math";
S_0xe88d60 .scope module, "cache_tb" "cache_tb" 2 1;
 .timescale 0 0;
v0xeca530_0 .var "addr", 31 0;
v0xeca5b0_0 .var "clk1", 0 0;
v0xeca680_0 .var "clk2", 0 0;
v0xeca700_0 .net "dataOut", 31 0, v0xec9ec0_0; 1 drivers
v0xeca780_0 .var "en", 0 0;
v0xeca830_0 .net "hit", 0 0, v0xec9fd0_0; 1 drivers
E_0xe6c6d0 .event posedge, v0xec8d90_0;
S_0xe6c580 .scope module, "l" "l1" 2 11, 3 1, S_0xe88d60;
 .timescale 0 0;
v0xec9570_0 .net *"_s11", 1 0, L_0xecaf70; 1 drivers
v0xec95f0_0 .net *"_s15", 1 0, L_0xecb100; 1 drivers
v0xec9690_0 .net *"_s19", 1 0, L_0xecb2e0; 1 drivers
v0xec9730_0 .net *"_s22", 1 0, C4<00>; 1 drivers
v0xec97b0_0 .net *"_s26", 1 0, C4<01>; 1 drivers
v0xec9850_0 .net *"_s30", 1 0, C4<10>; 1 drivers
v0xec98f0_0 .net *"_s34", 1 0, C4<11>; 1 drivers
v0xec9990_0 .net *"_s7", 1 0, L_0xecae00; 1 drivers
v0xec9a30_0 .net "address", 31 0, v0xeca530_0; 1 drivers
v0xec9ab0_0 .net "block", 1 0, L_0xecaad0; 1 drivers
v0xec9b30 .array "cache", 0 15, 31 0;
v0xec9bb0_0 .net "clk1", 0 0, v0xeca5b0_0; 1 drivers
v0xec9c60_0 .net "clk2", 0 0, v0xeca680_0; 1 drivers
v0xec9ce0_0 .net "dIn", 31 0, C4<zzzzzzzzzzzzzzzzzzzzzzzzzzzzzzzz>; 0 drivers
v0xec9e10_0 .net "dOut", 127 0, v0xec8f30_0; 1 drivers
v0xec9ec0_0 .var "dataout", 31 0;
v0xec9d60_0 .net "enable", 0 0, v0xeca780_0; 1 drivers
v0xec9fd0_0 .var "hit", 0 0;
v0xeca0f0 .array "tag", 0 3, 1 0;
v0xeca170_0 .var "w", 0 0;
v0xeca050_0 .net "word", 3 0, L_0xecaba0; 1 drivers
RS_0x7ff60458e618 .resolv tri, L_0xecad00, L_0xecb4e0, C4<zzzz>, C4<zzzz>;
v0xeca2a0_0 .net8 "word1", 3 0, RS_0x7ff60458e618; 2 drivers
RS_0x7ff60458e648 .resolv tri, L_0xecaea0, L_0xecb580, C4<zzzz>, C4<zzzz>;
v0xeca1f0_0 .net8 "word2", 3 0, RS_0x7ff60458e648; 2 drivers
RS_0x7ff60458e678 .resolv tri, L_0xecb060, L_0xecb6c0, C4<zzzz>, C4<zzzz>;
v0xeca3e0_0 .net8 "word3", 3 0, RS_0x7ff60458e678; 2 drivers
RS_0x7ff60458e6a8 .resolv tri, L_0xecb240, L_0xecb840, C4<zzzz>, C4<zzzz>;
v0xeca320_0 .net8 "word4", 3 0, RS_0x7ff60458e6a8; 2 drivers
E_0xe88e50 .event negedge, v0xec9c60_0;
E_0xe6c9d0 .event posedge, v0xec9c60_0;
L_0xecaad0 .part v0xeca530_0, 28, 2;
L_0xecaba0 .part v0xeca530_0, 26, 4;
L_0xecad00 .part/pv L_0xecae00, 2, 2, 4;
L_0xecae00 .part v0xeca530_0, 28, 2;
L_0xecaea0 .part/pv L_0xecaf70, 2, 2, 4;
L_0xecaf70 .part v0xeca530_0, 28, 2;
L_0xecb060 .part/pv L_0xecb100, 2, 2, 4;
L_0xecb100 .part v0xeca530_0, 28, 2;
L_0xecb240 .part/pv L_0xecb2e0, 2, 2, 4;
L_0xecb2e0 .part v0xeca530_0, 28, 2;
L_0xecb4e0 .part/pv C4<00>, 0, 2, 4;
L_0xecb580 .part/pv C4<01>, 0, 2, 4;
L_0xecb6c0 .part/pv C4<10>, 0, 2, 4;
L_0xecb840 .part/pv C4<11>, 0, 2, 4;
S_0xe58690 .scope module, "mm" "main_memory" 3 114, 4 1, S_0xe6c580;
 .timescale 0 0;
v0xe90870_0 .net *"_s11", 3 0, L_0xecbe30; 1 drivers
v0xec87f0_0 .net *"_s15", 3 0, L_0xecc000; 1 drivers
v0xec8890_0 .net *"_s18", 1 0, C4<00>; 1 drivers
v0xec8930_0 .net *"_s22", 1 0, C4<01>; 1 drivers
v0xec89e0_0 .net *"_s26", 1 0, C4<10>; 1 drivers
v0xec8a80_0 .net *"_s3", 3 0, L_0xecbae0; 1 drivers
v0xec8b60_0 .net *"_s30", 1 0, C4<11>; 1 drivers
v0xec8c00_0 .net *"_s7", 3 0, L_0xecbc70; 1 drivers
v0xec8cf0_0 .alias "addr", 31 0, v0xec9a30_0;
v0xec8d90_0 .alias "clk", 0 0, v0xec9bb0_0;
v0xec8e90_0 .alias "dataIn", 31 0, v0xec9ce0_0;
v0xec8f30_0 .var "dataOut", 127 0;
v0xec9040_0 .net "en", 0 0, v0xeca170_0; 1 drivers
v0xec90e0 .array "mem", 0 63, 32 0;
v0xec91e0_0 .net "w", 0 0, C4<0>; 1 drivers
RS_0x7ff60458e2b8 .resolv tri, L_0xecba40, L_0xecc140, C4<zzzzzz>, C4<zzzzzz>;
v0xec9280_0 .net8 "w1", 5 0, RS_0x7ff60458e2b8; 2 drivers
RS_0x7ff60458e2e8 .resolv tri, L_0xecbbd0, L_0xecc280, C4<zzzzzz>, C4<zzzzzz>;
v0xec9160_0 .net8 "w2", 5 0, RS_0x7ff60458e2e8; 2 drivers
RS_0x7ff60458e318 .resolv tri, L_0xecbd60, L_0xecc3f0, C4<zzzzzz>, C4<zzzzzz>;
v0xec93d0_0 .net8 "w3", 5 0, RS_0x7ff60458e318; 2 drivers
RS_0x7ff60458e348 .resolv tri, L_0xecbf60, L_0xecc570, C4<zzzzzz>, C4<zzzzzz>;
v0xec94f0_0 .net8 "w4", 5 0, RS_0x7ff60458e348; 2 drivers
E_0xe6c670 .event negedge, v0xec8d90_0;
L_0xecba40 .part/pv L_0xecbae0, 2, 4, 6;
L_0xecbae0 .part v0xeca530_0, 28, 4;
L_0xecbbd0 .part/pv L_0xecbc70, 2, 4, 6;
L_0xecbc70 .part v0xeca530_0, 28, 4;
L_0xecbd60 .part/pv L_0xecbe30, 2, 4, 6;
L_0xecbe30 .part v0xeca530_0, 28, 4;
L_0xecbf60 .part/pv L_0xecc000, 2, 4, 6;
L_0xecc000 .part v0xeca530_0, 28, 4;
L_0xecc140 .part/pv C4<00>, 0, 2, 6;
L_0xecc280 .part/pv C4<01>, 0, 2, 6;
L_0xecc3f0 .part/pv C4<10>, 0, 2, 6;
L_0xecc570 .part/pv C4<11>, 0, 2, 6;
S_0xe6c8e0 .scope module, "clock" "clock" 5 1;
 .timescale 0 0;
v0xeca910_0 .net "clk", 0 0, C4<z>; 0 drivers
v0xeca990_0 .net "clock", 0 0, C4<z>; 0 drivers
v0xecaa30_0 .var "out_clock", 0 0;
E_0xeca8e0 .event posedge, v0xeca910_0;
    .scope S_0xe58690;
T_0 ;
    %movi 8, 289383, 33;
   %ix/load 1, 0, 0;
   %ix/load 3, 0, 0;
   %set/av v0xec90e0, 8, 33;
    %movi 8, 930886, 33;
   %ix/load 1, 0, 0;
   %ix/load 3, 1, 0;
   %set/av v0xec90e0, 8, 33;
    %movi 8, 692777, 33;
   %ix/load 1, 0, 0;
   %ix/load 3, 2, 0;
   %set/av v0xec90e0, 8, 33;
    %movi 8, 636915, 33;
   %ix/load 1, 0, 0;
   %ix/load 3, 3, 0;
   %set/av v0xec90e0, 8, 33;
    %movi 8, 747793, 33;
   %ix/load 1, 0, 0;
   %ix/load 3, 4, 0;
   %set/av v0xec90e0, 8, 33;
    %movi 8, 238335, 33;
   %ix/load 1, 0, 0;
   %ix/load 3, 5, 0;
   %set/av v0xec90e0, 8, 33;
    %movi 8, 885386, 33;
   %ix/load 1, 0, 0;
   %ix/load 3, 6, 0;
   %set/av v0xec90e0, 8, 33;
    %movi 8, 760492, 33;
   %ix/load 1, 0, 0;
   %ix/load 3, 7, 0;
   %set/av v0xec90e0, 8, 33;
    %movi 8, 516649, 33;
   %ix/load 1, 0, 0;
   %ix/load 3, 8, 0;
   %set/av v0xec90e0, 8, 33;
    %movi 8, 641421, 33;
   %ix/load 1, 0, 0;
   %ix/load 3, 9, 0;
   %set/av v0xec90e0, 8, 33;
    %movi 8, 202362, 33;
   %ix/load 1, 0, 0;
   %ix/load 3, 10, 0;
   %set/av v0xec90e0, 8, 33;
    %movi 8, 490027, 33;
   %ix/load 1, 0, 0;
   %ix/load 3, 11, 0;
   %set/av v0xec90e0, 8, 33;
    %movi 8, 368690, 33;
   %ix/load 1, 0, 0;
   %ix/load 3, 12, 0;
   %set/av v0xec90e0, 8, 33;
    %movi 8, 520059, 33;
   %ix/load 1, 0, 0;
   %ix/load 3, 13, 0;
   %set/av v0xec90e0, 8, 33;
    %movi 8, 897763, 33;
   %ix/load 1, 0, 0;
   %ix/load 3, 14, 0;
   %set/av v0xec90e0, 8, 33;
    %movi 8, 513926, 33;
   %ix/load 1, 0, 0;
   %ix/load 3, 15, 0;
   %set/av v0xec90e0, 8, 33;
    %movi 8, 180540, 33;
   %ix/load 1, 0, 0;
   %ix/load 3, 16, 0;
   %set/av v0xec90e0, 8, 33;
    %movi 8, 383426, 33;
   %ix/load 1, 0, 0;
   %ix/load 3, 17, 0;
   %set/av v0xec90e0, 8, 33;
    %movi 8, 89172, 33;
   %ix/load 1, 0, 0;
   %ix/load 3, 18, 0;
   %set/av v0xec90e0, 8, 33;
    %movi 8, 455736, 33;
   %ix/load 1, 0, 0;
   %ix/load 3, 19, 0;
   %set/av v0xec90e0, 8, 33;
    %movi 8, 5211, 33;
   %ix/load 1, 0, 0;
   %ix/load 3, 20, 0;
   %set/av v0xec90e0, 8, 33;
    %movi 8, 595368, 33;
   %ix/load 1, 0, 0;
   %ix/load 3, 21, 0;
   %set/av v0xec90e0, 8, 33;
    %movi 8, 702567, 33;
   %ix/load 1, 0, 0;
   %ix/load 3, 22, 0;
   %set/av v0xec90e0, 8, 33;
    %movi 8, 956429, 33;
   %ix/load 1, 0, 0;
   %ix/load 3, 23, 0;
   %set/av v0xec90e0, 8, 33;
    %movi 8, 465782, 33;
   %ix/load 1, 0, 0;
   %ix/load 3, 24, 0;
   %set/av v0xec90e0, 8, 33;
    %movi 8, 21530, 33;
   %ix/load 1, 0, 0;
   %ix/load 3, 25, 0;
   %set/av v0xec90e0, 8, 33;
    %movi 8, 722862, 33;
   %ix/load 1, 0, 0;
   %ix/load 3, 26, 0;
   %set/av v0xec90e0, 8, 33;
    %movi 8, 665123, 33;
   %ix/load 1, 0, 0;
   %ix/load 3, 27, 0;
   %set/av v0xec90e0, 8, 33;
    %movi 8, 174067, 33;
   %ix/load 1, 0, 0;
   %ix/load 3, 28, 0;
   %set/av v0xec90e0, 8, 33;
    %movi 8, 703135, 33;
   %ix/load 1, 0, 0;
   %ix/load 3, 29, 0;
   %set/av v0xec90e0, 8, 33;
    %movi 8, 513929, 33;
   %ix/load 1, 0, 0;
   %ix/load 3, 30, 0;
   %set/av v0xec90e0, 8, 33;
    %movi 8, 979802, 33;
   %ix/load 1, 0, 0;
   %ix/load 3, 31, 0;
   %set/av v0xec90e0, 8, 33;
    %movi 8, 634022, 33;
   %ix/load 1, 0, 0;
   %ix/load 3, 32, 0;
   %set/av v0xec90e0, 8, 33;
    %movi 8, 723058, 33;
   %ix/load 1, 0, 0;
   %ix/load 3, 33, 0;
   %set/av v0xec90e0, 8, 33;
    %movi 8, 133069, 33;
   %ix/load 1, 0, 0;
   %ix/load 3, 34, 0;
   %set/av v0xec90e0, 8, 33;
    %movi 8, 898167, 33;
   %ix/load 1, 0, 0;
   %ix/load 3, 35, 0;
   %set/av v0xec90e0, 8, 33;
    %movi 8, 961393, 33;
   %ix/load 1, 0, 0;
   %ix/load 3, 36, 0;
   %set/av v0xec90e0, 8, 33;
    %movi 8, 18456, 33;
   %ix/load 1, 0, 0;
   %ix/load 3, 37, 0;
   %set/av v0xec90e0, 8, 33;
    %movi 8, 175011, 33;
   %ix/load 1, 0, 0;
   %ix/load 3, 38, 0;
   %set/av v0xec90e0, 8, 33;
    %movi 8, 478042, 33;
   %ix/load 1, 0, 0;
   %ix/load 3, 39, 0;
   %set/av v0xec90e0, 8, 33;
    %movi 8, 176229, 33;
   %ix/load 1, 0, 0;
   %ix/load 3, 40, 0;
   %set/av v0xec90e0, 8, 33;
    %movi 8, 377373, 33;
   %ix/load 1, 0, 0;
   %ix/load 3, 41, 0;
   %set/av v0xec90e0, 8, 33;
    %movi 8, 484421, 33;
   %ix/load 1, 0, 0;
   %ix/load 3, 42, 0;
   %set/av v0xec90e0, 8, 33;
    %movi 8, 544919, 33;
   %ix/load 1, 0, 0;
   %ix/load 3, 43, 0;
   %set/av v0xec90e0, 8, 33;
    %movi 8, 413784, 33;
   %ix/load 1, 0, 0;
   %ix/load 3, 44, 0;
   %set/av v0xec90e0, 8, 33;
    %movi 8, 898537, 33;
   %ix/load 1, 0, 0;
   %ix/load 3, 45, 0;
   %set/av v0xec90e0, 8, 33;
    %movi 8, 575198, 33;
   %ix/load 1, 0, 0;
   %ix/load 3, 46, 0;
   %set/av v0xec90e0, 8, 33;
    %movi 8, 594324, 33;
   %ix/load 1, 0, 0;
   %ix/load 3, 47, 0;
   %set/av v0xec90e0, 8, 33;
    %movi 8, 798315, 33;
   %ix/load 1, 0, 0;
   %ix/load 3, 48, 0;
   %set/av v0xec90e0, 8, 33;
    %movi 8, 664370, 33;
   %ix/load 1, 0, 0;
   %ix/load 3, 49, 0;
   %set/av v0xec90e0, 8, 33;
    %movi 8, 566413, 33;
   %ix/load 1, 0, 0;
   %ix/load 3, 50, 0;
   %set/av v0xec90e0, 8, 33;
    %movi 8, 803526, 33;
   %ix/load 1, 0, 0;
   %ix/load 3, 51, 0;
   %set/av v0xec90e0, 8, 33;
    %movi 8, 776091, 33;
   %ix/load 1, 0, 0;
   %ix/load 3, 52, 0;
   %set/av v0xec90e0, 8, 33;
    %movi 8, 268980, 33;
   %ix/load 1, 0, 0;
   %ix/load 3, 53, 0;
   %set/av v0xec90e0, 8, 33;
    %movi 8, 759956, 33;
   %ix/load 1, 0, 0;
   %ix/load 3, 54, 0;
   %set/av v0xec90e0, 8, 33;
    %movi 8, 241873, 33;
   %ix/load 1, 0, 0;
   %ix/load 3, 55, 0;
   %set/av v0xec90e0, 8, 33;
    %movi 8, 806862, 33;
   %ix/load 1, 0, 0;
   %ix/load 3, 56, 0;
   %set/av v0xec90e0, 8, 33;
    %movi 8, 999170, 33;
   %ix/load 1, 0, 0;
   %ix/load 3, 57, 0;
   %set/av v0xec90e0, 8, 33;
    %movi 8, 906996, 33;
   %ix/load 1, 0, 0;
   %ix/load 3, 58, 0;
   %set/av v0xec90e0, 8, 33;
    %movi 8, 497281, 33;
   %ix/load 1, 0, 0;
   %ix/load 3, 59, 0;
   %set/av v0xec90e0, 8, 33;
    %movi 8, 702305, 33;
   %ix/load 1, 0, 0;
   %ix/load 3, 60, 0;
   %set/av v0xec90e0, 8, 33;
    %movi 8, 420925, 33;
   %ix/load 1, 0, 0;
   %ix/load 3, 61, 0;
   %set/av v0xec90e0, 8, 33;
    %movi 8, 477084, 33;
   %ix/load 1, 0, 0;
   %ix/load 3, 62, 0;
   %set/av v0xec90e0, 8, 33;
    %movi 8, 336327, 33;
   %ix/load 1, 0, 0;
   %ix/load 3, 63, 0;
   %set/av v0xec90e0, 8, 33;
    %end;
    .thread T_0;
    .scope S_0xe58690;
T_1 ;
    %wait E_0xe6c670;
    %load/v 8, v0xec9040_0, 1;
    %mov 9, 0, 2;
    %cmpi/u 8, 1, 3;
    %jmp/0xz  T_1.0, 4;
    %load/v 8, v0xec91e0_0, 1;
    %mov 9, 0, 2;
    %cmpi/u 8, 1, 3;
    %jmp/0xz  T_1.2, 4;
    %load/v 8, v0xec8e90_0, 32;
    %mov 40, 0, 1;
    %ix/getv 3, v0xec8cf0_0;
    %jmp/1 t_0, 4;
    %ix/load 0, 33, 0; word width
    %ix/load 1, 0, 0; part off
    %assign/av v0xec90e0, 0, 8;
t_0 ;
    %jmp T_1.3;
T_1.2 ;
    %ix/getv 3, v0xec9280_0;
    %load/av 8, v0xec90e0, 33;
    %ix/load 0, 32, 0;
    %ix/load 1, 96, 0;
    %assign/v0/x1 v0xec8f30_0, 0, 8;
    %ix/getv 3, v0xec9160_0;
    %load/av 8, v0xec90e0, 33;
    %ix/load 0, 32, 0;
    %ix/load 1, 64, 0;
    %assign/v0/x1 v0xec8f30_0, 0, 8;
    %ix/getv 3, v0xec93d0_0;
    %load/av 8, v0xec90e0, 33;
    %ix/load 0, 32, 0;
    %ix/load 1, 32, 0;
    %assign/v0/x1 v0xec8f30_0, 0, 8;
    %ix/getv 3, v0xec94f0_0;
    %load/av 8, v0xec90e0, 33;
    %ix/load 0, 32, 0;
    %ix/load 1, 0, 0;
    %assign/v0/x1 v0xec8f30_0, 0, 8;
T_1.3 ;
T_1.0 ;
    %jmp T_1;
    .thread T_1;
    .scope S_0xe6c580;
T_2 ;
    %movi 8, 583504162, 32;
   %ix/load 1, 0, 0;
   %ix/load 3, 0, 0;
   %set/av v0xec9b30, 8, 32;
    %movi 8, 676839938, 32;
   %ix/load 1, 0, 0;
   %ix/load 3, 1, 0;
   %set/av v0xec9b30, 8, 32;
    %movi 8, 375539891, 32;
   %ix/load 1, 0, 0;
   %ix/load 3, 2, 0;
   %set/av v0xec9b30, 8, 32;
    %movi 8, 1389181987, 32;
   %ix/load 1, 0, 0;
   %ix/load 3, 3, 0;
   %set/av v0xec9b30, 8, 32;
    %movi 8, 2238139221, 32;
   %ix/load 1, 0, 0;
   %ix/load 3, 4, 0;
   %set/av v0xec9b30, 8, 32;
    %movi 8, 609795274, 32;
   %ix/load 1, 0, 0;
   %ix/load 3, 5, 0;
   %set/av v0xec9b30, 8, 32;
    %movi 8, 2453082551, 32;
   %ix/load 1, 0, 0;
   %ix/load 3, 6, 0;
   %set/av v0xec9b30, 8, 32;
    %movi 8, 3496726868, 32;
   %ix/load 1, 0, 0;
   %ix/load 3, 7, 0;
   %set/av v0xec9b30, 8, 32;
    %movi 8, 4288926312, 32;
   %ix/load 1, 0, 0;
   %ix/load 3, 8, 0;
   %set/av v0xec9b30, 8, 32;
    %movi 8, 33930216, 32;
   %ix/load 1, 0, 0;
   %ix/load 3, 9, 0;
   %set/av v0xec9b30, 8, 32;
    %movi 8, 1569807666, 32;
   %ix/load 1, 0, 0;
   %ix/load 3, 10, 0;
   %set/av v0xec9b30, 8, 32;
    %movi 8, 4110893074, 32;
   %ix/load 1, 0, 0;
   %ix/load 3, 11, 0;
   %set/av v0xec9b30, 8, 32;
    %movi 8, 2786011827, 32;
   %ix/load 1, 0, 0;
   %ix/load 3, 12, 0;
   %set/av v0xec9b30, 8, 32;
    %movi 8, 546135702, 32;
   %ix/load 1, 0, 0;
   %ix/load 3, 13, 0;
   %set/av v0xec9b30, 8, 32;
    %movi 8, 471005794, 32;
   %ix/load 1, 0, 0;
   %ix/load 3, 14, 0;
   %set/av v0xec9b30, 8, 32;
    %movi 8, 2415457016, 32;
   %ix/load 1, 0, 0;
   %ix/load 3, 15, 0;
   %set/av v0xec9b30, 8, 32;
   %ix/load 1, 0, 0;
   %ix/load 3, 0, 0;
   %set/av v0xeca0f0, 0, 2;
    %movi 8, 1, 2;
   %ix/load 1, 0, 0;
   %ix/load 3, 1, 0;
   %set/av v0xeca0f0, 8, 2;
    %movi 8, 2, 2;
   %ix/load 1, 0, 0;
   %ix/load 3, 2, 0;
   %set/av v0xeca0f0, 8, 2;
   %ix/load 1, 0, 0;
   %ix/load 3, 3, 0;
   %set/av v0xeca0f0, 1, 2;
    %end;
    .thread T_2;
    .scope S_0xe6c580;
T_3 ;
    %wait E_0xe6c9d0;
    %load/v 8, v0xec9d60_0, 1;
    %jmp/0xz  T_3.0, 8;
    %ix/getv 3, v0xec9ab0_0;
    %load/av 8, v0xeca0f0, 2;
    %ix/load 1, 30, 0;
    %mov 4, 0, 1;
    %jmp/1 T_3.2, 4;
    %load/x1p 10, v0xec9a30_0, 2;
    %jmp T_3.3;
T_3.2 ;
    %mov 10, 2, 2;
T_3.3 ;
; Save base=10 wid=2 in lookaside.
    %cmp/u 8, 10, 2;
    %jmp/0xz  T_3.4, 4;
    %ix/getv 3, v0xeca050_0;
    %load/av 8, v0xec9b30, 32;
    %set/v v0xec9ec0_0, 8, 32;
    %set/v v0xec9fd0_0, 1, 1;
    %set/v v0xeca170_0, 0, 1;
    %jmp T_3.5;
T_3.4 ;
    %set/v v0xec9fd0_0, 0, 1;
    %set/v v0xeca170_0, 1, 1;
T_3.5 ;
T_3.0 ;
    %jmp T_3;
    .thread T_3;
    .scope S_0xe6c580;
T_4 ;
    %wait E_0xe88e50;
    %load/v 8, v0xeca170_0, 1;
    %jmp/0xz  T_4.0, 8;
    %ix/load 1, 96, 0;
    %mov 4, 0, 1;
    %jmp/1 T_4.2, 4;
    %load/x1p 8, v0xec9e10_0, 32;
    %jmp T_4.3;
T_4.2 ;
    %mov 8, 2, 32;
T_4.3 ;
; Save base=8 wid=32 in lookaside.
    %ix/getv 3, v0xeca2a0_0;
    %jmp/1 t_1, 4;
    %ix/load 0, 32, 0; word width
    %ix/load 1, 0, 0; part off
    %assign/av v0xec9b30, 0, 8;
t_1 ;
    %ix/load 1, 64, 0;
    %mov 4, 0, 1;
    %jmp/1 T_4.4, 4;
    %load/x1p 8, v0xec9e10_0, 32;
    %jmp T_4.5;
T_4.4 ;
    %mov 8, 2, 32;
T_4.5 ;
; Save base=8 wid=32 in lookaside.
    %ix/getv 3, v0xeca1f0_0;
    %jmp/1 t_2, 4;
    %ix/load 0, 32, 0; word width
    %ix/load 1, 0, 0; part off
    %assign/av v0xec9b30, 0, 8;
t_2 ;
    %ix/load 1, 32, 0;
    %mov 4, 0, 1;
    %jmp/1 T_4.6, 4;
    %load/x1p 8, v0xec9e10_0, 32;
    %jmp T_4.7;
T_4.6 ;
    %mov 8, 2, 32;
T_4.7 ;
; Save base=8 wid=32 in lookaside.
    %ix/getv 3, v0xeca3e0_0;
    %jmp/1 t_3, 4;
    %ix/load 0, 32, 0; word width
    %ix/load 1, 0, 0; part off
    %assign/av v0xec9b30, 0, 8;
t_3 ;
    %load/v 8, v0xec9e10_0, 32; Only need 32 of 128 bits
; Save base=8 wid=32 in lookaside.
    %ix/getv 3, v0xeca320_0;
    %jmp/1 t_4, 4;
    %ix/load 0, 32, 0; word width
    %ix/load 1, 0, 0; part off
    %assign/av v0xec9b30, 0, 8;
t_4 ;
    %ix/load 1, 30, 0;
    %mov 4, 0, 1;
    %jmp/1 T_4.8, 4;
    %load/x1p 8, v0xec9a30_0, 2;
    %jmp T_4.9;
T_4.8 ;
    %mov 8, 2, 2;
T_4.9 ;
; Save base=8 wid=2 in lookaside.
    %ix/getv 3, v0xec9ab0_0;
    %jmp/1 t_5, 4;
    %ix/load 0, 2, 0; word width
    %ix/load 1, 0, 0; part off
    %assign/av v0xeca0f0, 0, 8;
t_5 ;
T_4.0 ;
    %jmp T_4;
    .thread T_4;
    .scope S_0xe88d60;
T_5 ;
    %delay 1, 0;
    %load/v 8, v0xeca5b0_0, 1;
    %inv 8, 1;
    %set/v v0xeca5b0_0, 8, 1;
    %jmp T_5;
    .thread T_5;
    .scope S_0xe88d60;
T_6 ;
    %wait E_0xe6c6d0;
    %load/v 8, v0xeca680_0, 1;
    %inv 8, 1;
    %set/v v0xeca680_0, 8, 1;
    %jmp T_6;
    .thread T_6;
    .scope S_0xe88d60;
T_7 ;
    %set/v v0xeca5b0_0, 0, 1;
    %set/v v0xeca680_0, 0, 1;
    %delay 2, 0;
    %set/v v0xeca780_0, 1, 1;
    %movi 8, 212886778, 32;
    %set/v v0xeca530_0, 8, 32;
    %end;
    .thread T_7;
    .scope S_0xe88d60;
T_8 ;
    %delay 10, 0;
    %vpi_call 2 38 "$finish";
    %end;
    .thread T_8;
    .scope S_0xe88d60;
T_9 ;
    %vpi_call 2 43 "$monitor", $time, " data hit =%b address = %b    dataOut = %b     clk=%b", v0xeca830_0, v0xeca530_0, v0xeca700_0, v0xeca680_0;
    %end;
    .thread T_9;
    .scope S_0xe6c8e0;
T_10 ;
    %wait E_0xeca8e0;
    %load/v 8, v0xeca910_0, 1;
    %inv 8, 1;
    %set/v v0xecaa30_0, 8, 1;
    %jmp T_10;
    .thread T_10;
# The file index is used to find the file name in the following table.
:file_names 6;
    "N/A";
    "<interactive>";
    "cache_tb.v";
    "cache_mem.v";
    "mem.v";
    "clock.v";
